[ DEBUG] [2018-05-25 22:26:59] org.hibernate.validator.messageinterpolation.ResourceBundleMessageInterpolator [89] - Loaded expression factory via original TCCL
[ DEBUG] [2018-05-25 22:26:59] org.hibernate.validator.internal.engine.ValidatorFactoryImpl [578] - HV000234: Using org.hibernate.validator.messageinterpolation.ResourceBundleMessageInterpolator as ValidatorFactory-scoped message interpolator.
[ DEBUG] [2018-05-25 22:26:59] org.hibernate.validator.internal.engine.ValidatorFactoryImpl [579] - HV000234: Using org.hibernate.validator.internal.engine.resolver.TraverseAllTraversableResolver as ValidatorFactory-scoped traversable resolver.
[ DEBUG] [2018-05-25 22:26:59] org.hibernate.validator.internal.engine.ValidatorFactoryImpl [580] - HV000234: Using org.hibernate.validator.internal.util.ExecutableParameterNameProvider as ValidatorFactory-scoped parameter name provider.
[ DEBUG] [2018-05-25 22:26:59] org.hibernate.validator.internal.engine.ValidatorFactoryImpl [581] - HV000234: Using org.hibernate.validator.internal.engine.DefaultClockProvider as ValidatorFactory-scoped clock provider.
[ DEBUG] [2018-05-25 22:26:59] org.hibernate.validator.internal.engine.ValidatorFactoryImpl [582] - HV000234: Using org.hibernate.validator.internal.engine.scripting.DefaultScriptEvaluatorFactory as ValidatorFactory-scoped script evaluator factory.
[ INFO ] [2018-05-25 22:26:59] com.erdong.warehouse.WarehouseApplication [50] - Starting WarehouseApplication on DESKTOP-CN2TC8L with PID 10676 (started by 28296 in C:\BaiduNetdiskDownload\hospital\hospital(后台))
[ DEBUG] [2018-05-25 22:26:59] com.erdong.warehouse.WarehouseApplication [53] - Running with Spring Boot v2.0.1.RELEASE, Spring v5.0.5.RELEASE
[ INFO ] [2018-05-25 22:26:59] com.erdong.warehouse.WarehouseApplication [659] - No active profile set, falling back to default profiles: default
[ INFO ] [2018-05-25 22:26:59] org.springframework.boot.web.servlet.context.AnnotationConfigServletWebServerApplicationContext [590] - Refreshing org.springframework.boot.web.servlet.context.AnnotationConfigServletWebServerApplicationContext@24269709: startup date [Fri May 25 22:26:59 CST 2018]; root of context hierarchy
[ INFO ] [2018-05-25 22:27:01] org.springframework.context.support.PostProcessorRegistrationDelegate$BeanPostProcessorChecker [328] - Bean 'shiroConfiguration' of type [com.erdong.warehouse.config.shiro.ShiroConfiguration$$EnhancerBySpringCGLIB$$5b5fa04b] is not eligible for getting processed by all BeanPostProcessors (for example: not eligible for auto-proxying)
[ DEBUG] [2018-05-25 22:27:01] org.apache.shiro.spring.LifecycleBeanPostProcessor [86] - Initializing bean [getEhCacheManager]...
[ DEBUG] [2018-05-25 22:27:01] org.apache.shiro.cache.ehcache.EhCacheManager [205] - cacheManager property not set.  Constructing CacheManager instance... 
[ DEBUG] [2018-05-25 22:27:01] org.apache.shiro.io.ResourceUtils [159] - Opening resource from class path [ehcache-shiro.xml]
[ DEBUG] [2018-05-25 22:27:01] net.sf.ehcache.config.ConfigurationFactory [150] - Configuring ehcache from InputStream
[ DEBUG] [2018-05-25 22:27:01] net.sf.ehcache.util.PropertyUtil [88] - propertiesString is null.
[ DEBUG] [2018-05-25 22:27:01] net.sf.ehcache.config.ConfigurationHelper [185] - No CacheManagerEventListenerFactory class specified. Skipping...
[ DEBUG] [2018-05-25 22:27:01] net.sf.ehcache.Cache [955] - No BootstrapCacheLoaderFactory class specified. Skipping...
[ DEBUG] [2018-05-25 22:27:01] net.sf.ehcache.Cache [929] - CacheWriter factory not configured. Skipping...
[ DEBUG] [2018-05-25 22:27:01] net.sf.ehcache.config.ConfigurationHelper [96] - No CacheExceptionHandlerFactory class specified. Skipping...
[ DEBUG] [2018-05-25 22:27:01] org.apache.shiro.cache.ehcache.EhCacheManager [218] - implicit cacheManager created successfully.
[ INFO ] [2018-05-25 22:27:01] org.springframework.context.support.PostProcessorRegistrationDelegate$BeanPostProcessorChecker [328] - Bean 'getEhCacheManager' of type [org.apache.shiro.cache.ehcache.EhCacheManager] is not eligible for getting processed by all BeanPostProcessors (for example: not eligible for auto-proxying)
[ DEBUG] [2018-05-25 22:27:01] org.apache.shiro.realm.AuthorizingRealm [234] - No authorizationCache instance set.  Checking for a cacheManager...
[ DEBUG] [2018-05-25 22:27:01] org.apache.shiro.realm.AuthorizingRealm [242] - CacheManager [org.apache.shiro.cache.ehcache.EhCacheManager@41382722] has been configured.  Building authorization cache named [com.erdong.warehouse.config.shiro.AuthRealm.authorizationCache]
[ INFO ] [2018-05-25 22:27:01] org.apache.shiro.cache.ehcache.EhCacheManager [158] - Cache with name 'com.erdong.warehouse.config.shiro.AuthRealm.authorizationCache' does not yet exist.  Creating now.
[ DEBUG] [2018-05-25 22:27:01] net.sf.ehcache.store.MemoryStore [153] - Initialized net.sf.ehcache.store.NotifyingMemoryStore for com.erdong.warehouse.config.shiro.AuthRealm.authorizationCache
[ DEBUG] [2018-05-25 22:27:01] net.sf.ehcache.Cache [1165] - Initialised cache: com.erdong.warehouse.config.shiro.AuthRealm.authorizationCache
[ DEBUG] [2018-05-25 22:27:01] net.sf.ehcache.config.ConfigurationHelper [354] - CacheDecoratorFactory not configured for defaultCache. Skipping for 'com.erdong.warehouse.config.shiro.AuthRealm.authorizationCache'.
[ INFO ] [2018-05-25 22:27:01] org.apache.shiro.cache.ehcache.EhCacheManager [165] - Added EhCache named [com.erdong.warehouse.config.shiro.AuthRealm.authorizationCache]
[ INFO ] [2018-05-25 22:27:01] org.springframework.context.support.PostProcessorRegistrationDelegate$BeanPostProcessorChecker [328] - Bean 'org.springframework.boot.context.properties.ConversionServiceDeducer$Factory' of type [org.springframework.boot.context.properties.ConversionServiceDeducer$Factory] is not eligible for getting processed by all BeanPostProcessors (for example: not eligible for auto-proxying)
[ DEBUG] [2018-05-25 22:27:01] org.apache.ibatis.logging.LogFactory [135] - Logging initialized using 'class org.apache.ibatis.logging.slf4j.Slf4jImpl' adapter.
[ INFO ] [2018-05-25 22:27:01] org.springframework.context.support.PostProcessorRegistrationDelegate$BeanPostProcessorChecker [328] - Bean 'mybatis-org.mybatis.spring.boot.autoconfigure.MybatisProperties' of type [org.mybatis.spring.boot.autoconfigure.MybatisProperties] is not eligible for getting processed by all BeanPostProcessors (for example: not eligible for auto-proxying)
[ INFO ] [2018-05-25 22:27:01] org.springframework.context.support.PostProcessorRegistrationDelegate$BeanPostProcessorChecker [328] - Bean 'org.mybatis.spring.boot.autoconfigure.MybatisAutoConfiguration' of type [org.mybatis.spring.boot.autoconfigure.MybatisAutoConfiguration$$EnhancerBySpringCGLIB$$796d8623] is not eligible for getting processed by all BeanPostProcessors (for example: not eligible for auto-proxying)
[ INFO ] [2018-05-25 22:27:01] org.springframework.context.support.PostProcessorRegistrationDelegate$BeanPostProcessorChecker [328] - Bean 'org.springframework.boot.autoconfigure.jdbc.DataSourceConfiguration$Hikari' of type [org.springframework.boot.autoconfigure.jdbc.DataSourceConfiguration$Hikari] is not eligible for getting processed by all BeanPostProcessors (for example: not eligible for auto-proxying)
[ INFO ] [2018-05-25 22:27:01] org.springframework.context.support.PostProcessorRegistrationDelegate$BeanPostProcessorChecker [328] - Bean 'spring.datasource-org.springframework.boot.autoconfigure.jdbc.DataSourceProperties' of type [org.springframework.boot.autoconfigure.jdbc.DataSourceProperties] is not eligible for getting processed by all BeanPostProcessors (for example: not eligible for auto-proxying)
[ DEBUG] [2018-05-25 22:27:01] com.zaxxer.hikari.HikariConfig [495] - Driver class com.mysql.jdbc.Driver found in Thread context class loader sun.misc.Launcher$AppClassLoader@18b4aac2
[ INFO ] [2018-05-25 22:27:01] org.springframework.context.support.PostProcessorRegistrationDelegate$BeanPostProcessorChecker [328] - Bean 'dataSource' of type [com.zaxxer.hikari.HikariDataSource] is not eligible for getting processed by all BeanPostProcessors (for example: not eligible for auto-proxying)
[ DEBUG] [2018-05-25 22:27:01] org.apache.ibatis.io.VFS [77] - Using VFS adapter org.mybatis.spring.boot.autoconfigure.SpringBootVFS
[ DEBUG] [2018-05-25 22:27:01] org.apache.ibatis.io.ResolverUtil [256] - Checking to see if class com.erdong.warehouse.pojo.Doctor matches criteria [is assignable to Object]
[ DEBUG] [2018-05-25 22:27:01] org.apache.ibatis.io.ResolverUtil [256] - Checking to see if class com.erdong.warehouse.pojo.Hospital matches criteria [is assignable to Object]
[ DEBUG] [2018-05-25 22:27:01] org.apache.ibatis.io.ResolverUtil [256] - Checking to see if class com.erdong.warehouse.pojo.LayResult matches criteria [is assignable to Object]
[ DEBUG] [2018-05-25 22:27:01] org.apache.ibatis.io.ResolverUtil [256] - Checking to see if class com.erdong.warehouse.pojo.Manager matches criteria [is assignable to Object]
[ DEBUG] [2018-05-25 22:27:01] org.apache.ibatis.io.ResolverUtil [256] - Checking to see if class com.erdong.warehouse.pojo.ManagerDto matches criteria [is assignable to Object]
[ DEBUG] [2018-05-25 22:27:01] org.apache.ibatis.io.ResolverUtil [256] - Checking to see if class com.erdong.warehouse.pojo.Menu matches criteria [is assignable to Object]
[ DEBUG] [2018-05-25 22:27:01] org.apache.ibatis.io.ResolverUtil [256] - Checking to see if class com.erdong.warehouse.pojo.Operate matches criteria [is assignable to Object]
[ DEBUG] [2018-05-25 22:27:01] org.apache.ibatis.io.ResolverUtil [256] - Checking to see if class com.erdong.warehouse.pojo.OperateDto matches criteria [is assignable to Object]
[ DEBUG] [2018-05-25 22:27:01] org.apache.ibatis.io.ResolverUtil [256] - Checking to see if class com.erdong.warehouse.pojo.PermissionDto matches criteria [is assignable to Object]
[ DEBUG] [2018-05-25 22:27:01] org.apache.ibatis.io.ResolverUtil [256] - Checking to see if class com.erdong.warehouse.pojo.Predict matches criteria [is assignable to Object]
[ DEBUG] [2018-05-25 22:27:01] org.apache.ibatis.io.ResolverUtil [256] - Checking to see if class com.erdong.warehouse.pojo.Question matches criteria [is assignable to Object]
[ DEBUG] [2018-05-25 22:27:01] org.apache.ibatis.io.ResolverUtil [256] - Checking to see if class com.erdong.warehouse.pojo.Quick matches criteria [is assignable to Object]
[ DEBUG] [2018-05-25 22:27:01] org.apache.ibatis.io.ResolverUtil [256] - Checking to see if class com.erdong.warehouse.pojo.RecordEntity matches criteria [is assignable to Object]
[ DEBUG] [2018-05-25 22:27:01] org.apache.ibatis.io.ResolverUtil [256] - Checking to see if class com.erdong.warehouse.pojo.Role matches criteria [is assignable to Object]
[ DEBUG] [2018-05-25 22:27:01] org.apache.ibatis.io.ResolverUtil [256] - Checking to see if class com.erdong.warehouse.pojo.ShiroPermission matches criteria [is assignable to Object]
[ DEBUG] [2018-05-25 22:27:01] org.apache.ibatis.io.ResolverUtil [256] - Checking to see if class com.erdong.warehouse.pojo.Test matches criteria [is assignable to Object]
[ DEBUG] [2018-05-25 22:27:01] org.apache.ibatis.io.ResolverUtil [256] - Checking to see if class com.erdong.warehouse.pojo.User matches criteria [is assignable to Object]
[ INFO ] [2018-05-25 22:27:01] org.springframework.context.support.PostProcessorRegistrationDelegate$BeanPostProcessorChecker [328] - Bean 'sqlSessionFactory' of type [org.apache.ibatis.session.defaults.DefaultSqlSessionFactory] is not eligible for getting processed by all BeanPostProcessors (for example: not eligible for auto-proxying)
[ INFO ] [2018-05-25 22:27:01] org.springframework.context.support.PostProcessorRegistrationDelegate$BeanPostProcessorChecker [328] - Bean 'sqlSessionTemplate' of type [org.mybatis.spring.SqlSessionTemplate] is not eligible for getting processed by all BeanPostProcessors (for example: not eligible for auto-proxying)
[ INFO ] [2018-05-25 22:27:01] org.springframework.context.support.PostProcessorRegistrationDelegate$BeanPostProcessorChecker [328] - Bean 'managerMapper' of type [org.mybatis.spring.mapper.MapperFactoryBean] is not eligible for getting processed by all BeanPostProcessors (for example: not eligible for auto-proxying)
[ INFO ] [2018-05-25 22:27:01] org.springframework.context.support.PostProcessorRegistrationDelegate$BeanPostProcessorChecker [328] - Bean 'managerMapper' of type [com.sun.proxy.$Proxy56] is not eligible for getting processed by all BeanPostProcessors (for example: not eligible for auto-proxying)
[ INFO ] [2018-05-25 22:27:01] org.springframework.context.support.PostProcessorRegistrationDelegate$BeanPostProcessorChecker [328] - Bean 'managerServiceImpl' of type [com.erdong.warehouse.serviceImpl.ManagerServiceImpl] is not eligible for getting processed by all BeanPostProcessors (for example: not eligible for auto-proxying)
[ INFO ] [2018-05-25 22:27:01] org.springframework.context.support.PostProcessorRegistrationDelegate$BeanPostProcessorChecker [328] - Bean 'operateMapper' of type [org.mybatis.spring.mapper.MapperFactoryBean] is not eligible for getting processed by all BeanPostProcessors (for example: not eligible for auto-proxying)
[ INFO ] [2018-05-25 22:27:01] org.springframework.context.support.PostProcessorRegistrationDelegate$BeanPostProcessorChecker [328] - Bean 'operateMapper' of type [com.sun.proxy.$Proxy58] is not eligible for getting processed by all BeanPostProcessors (for example: not eligible for auto-proxying)
[ INFO ] [2018-05-25 22:27:01] org.springframework.context.support.PostProcessorRegistrationDelegate$BeanPostProcessorChecker [328] - Bean 'operateServiceImpl' of type [com.erdong.warehouse.serviceImpl.OperateServiceImpl] is not eligible for getting processed by all BeanPostProcessors (for example: not eligible for auto-proxying)
[ DEBUG] [2018-05-25 22:27:01] org.apache.shiro.spring.LifecycleBeanPostProcessor [86] - Initializing bean [AuthRealm]...
[ INFO ] [2018-05-25 22:27:01] org.springframework.context.support.PostProcessorRegistrationDelegate$BeanPostProcessorChecker [328] - Bean 'AuthRealm' of type [com.erdong.warehouse.config.shiro.AuthRealm] is not eligible for getting processed by all BeanPostProcessors (for example: not eligible for auto-proxying)
[ INFO ] [2018-05-25 22:27:02] org.springframework.context.support.PostProcessorRegistrationDelegate$BeanPostProcessorChecker [328] - Bean 'securityManager' of type [org.apache.shiro.web.mgt.DefaultWebSecurityManager] is not eligible for getting processed by all BeanPostProcessors (for example: not eligible for auto-proxying)
[ INFO ] [2018-05-25 22:27:02] com.erdong.warehouse.config.shiro.ShiroConfiguration [85] - ##################从数据库读取权限规则，加载到shiroFilter中##################
[ DEBUG] [2018-05-25 22:27:02] com.zaxxer.hikari.HikariConfig [1119] - HikariPool-1 - configuration:
[ DEBUG] [2018-05-25 22:27:02] com.zaxxer.hikari.HikariConfig [1151] - allowPoolSuspension.............false
[ DEBUG] [2018-05-25 22:27:02] com.zaxxer.hikari.HikariConfig [1151] - autoCommit......................true
[ DEBUG] [2018-05-25 22:27:02] com.zaxxer.hikari.HikariConfig [1151] - catalog.........................none
[ DEBUG] [2018-05-25 22:27:02] com.zaxxer.hikari.HikariConfig [1151] - connectionInitSql...............none
[ DEBUG] [2018-05-25 22:27:02] com.zaxxer.hikari.HikariConfig [1151] - connectionTestQuery.............none
[ DEBUG] [2018-05-25 22:27:02] com.zaxxer.hikari.HikariConfig [1151] - connectionTimeout...............30000
[ DEBUG] [2018-05-25 22:27:02] com.zaxxer.hikari.HikariConfig [1151] - dataSource......................none
[ DEBUG] [2018-05-25 22:27:02] com.zaxxer.hikari.HikariConfig [1151] - dataSourceClassName.............none
[ DEBUG] [2018-05-25 22:27:02] com.zaxxer.hikari.HikariConfig [1151] - dataSourceJNDI..................none
[ DEBUG] [2018-05-25 22:27:02] com.zaxxer.hikari.HikariConfig [1151] - dataSourceProperties............{password=<masked>}
[ DEBUG] [2018-05-25 22:27:02] com.zaxxer.hikari.HikariConfig [1151] - driverClassName................."com.mysql.jdbc.Driver"
[ DEBUG] [2018-05-25 22:27:02] com.zaxxer.hikari.HikariConfig [1151] - healthCheckProperties...........{}
[ DEBUG] [2018-05-25 22:27:02] com.zaxxer.hikari.HikariConfig [1151] - healthCheckRegistry.............none
[ DEBUG] [2018-05-25 22:27:02] com.zaxxer.hikari.HikariConfig [1151] - idleTimeout.....................600000
[ DEBUG] [2018-05-25 22:27:02] com.zaxxer.hikari.HikariConfig [1151] - initializationFailFast..........true
[ DEBUG] [2018-05-25 22:27:02] com.zaxxer.hikari.HikariConfig [1151] - initializationFailTimeout.......1
[ DEBUG] [2018-05-25 22:27:02] com.zaxxer.hikari.HikariConfig [1151] - isolateInternalQueries..........false
[ DEBUG] [2018-05-25 22:27:02] com.zaxxer.hikari.HikariConfig [1151] - jdbc4ConnectionTest.............false
[ DEBUG] [2018-05-25 22:27:02] com.zaxxer.hikari.HikariConfig [1151] - jdbcUrl.........................jdbc:mysql://localhost:3306/hospital?useUnicode=true&characterEncoding=UTF-8&zeroDateTimeBehavior=convertToNull&allowMultiQueries=true
[ DEBUG] [2018-05-25 22:27:02] com.zaxxer.hikari.HikariConfig [1151] - leakDetectionThreshold..........0
[ DEBUG] [2018-05-25 22:27:02] com.zaxxer.hikari.HikariConfig [1151] - maxLifetime.....................1800000
[ DEBUG] [2018-05-25 22:27:02] com.zaxxer.hikari.HikariConfig [1151] - maximumPoolSize.................10
[ DEBUG] [2018-05-25 22:27:02] com.zaxxer.hikari.HikariConfig [1151] - metricRegistry..................none
[ DEBUG] [2018-05-25 22:27:02] com.zaxxer.hikari.HikariConfig [1151] - metricsTrackerFactory...........none
[ DEBUG] [2018-05-25 22:27:02] com.zaxxer.hikari.HikariConfig [1151] - minimumIdle.....................10
[ DEBUG] [2018-05-25 22:27:02] com.zaxxer.hikari.HikariConfig [1151] - password........................<masked>
[ DEBUG] [2018-05-25 22:27:02] com.zaxxer.hikari.HikariConfig [1151] - poolName........................"HikariPool-1"
[ DEBUG] [2018-05-25 22:27:02] com.zaxxer.hikari.HikariConfig [1151] - readOnly........................false
[ DEBUG] [2018-05-25 22:27:02] com.zaxxer.hikari.HikariConfig [1151] - registerMbeans..................false
[ DEBUG] [2018-05-25 22:27:02] com.zaxxer.hikari.HikariConfig [1151] - scheduledExecutor...............none
[ DEBUG] [2018-05-25 22:27:02] com.zaxxer.hikari.HikariConfig [1151] - scheduledExecutorService........internal
[ DEBUG] [2018-05-25 22:27:02] com.zaxxer.hikari.HikariConfig [1151] - schema..........................none
[ DEBUG] [2018-05-25 22:27:02] com.zaxxer.hikari.HikariConfig [1151] - threadFactory...................internal
[ DEBUG] [2018-05-25 22:27:02] com.zaxxer.hikari.HikariConfig [1151] - transactionIsolation............default
[ DEBUG] [2018-05-25 22:27:02] com.zaxxer.hikari.HikariConfig [1151] - username........................"root"
[ DEBUG] [2018-05-25 22:27:02] com.zaxxer.hikari.HikariConfig [1151] - validationTimeout...............5000
[ INFO ] [2018-05-25 22:27:02] com.zaxxer.hikari.HikariDataSource [110] - HikariPool-1 - Starting...
[ DEBUG] [2018-05-25 22:27:02] com.zaxxer.hikari.pool.HikariPool [538] - HikariPool-1 - Added connection com.mysql.jdbc.JDBC4Connection@6e1d4137
[ INFO ] [2018-05-25 22:27:02] com.zaxxer.hikari.HikariDataSource [123] - HikariPool-1 - Start completed.
[ DEBUG] [2018-05-25 22:27:02] com.erdong.warehouse.mapper.OperateMapper.listShiroPermissionByRoleId [159] - ==>  Preparing: SELECT t1.name menuName,concat(t1.channel,'/',t2.`op`) `path`,concat(t1.param,':',t2.op) perms FROM t_sys_menu t1 JOIN t_sys_operate t2 ON t1.id = t2.menu_id JOIN t_sys_role_operate t3 ON t2.id = t3.operate_id 
[ DEBUG] [2018-05-25 22:27:02] com.erdong.warehouse.mapper.OperateMapper.listShiroPermissionByRoleId [159] - ==> Parameters: 
[ DEBUG] [2018-05-25 22:27:02] com.erdong.warehouse.mapper.OperateMapper.listShiroPermissionByRoleId [159] - <==      Total: 44
[ INFO ] [2018-05-25 22:27:02] com.erdong.warehouse.config.shiro.ShiroConfiguration [88] - perms[sys:list]
[ INFO ] [2018-05-25 22:27:02] com.erdong.warehouse.config.shiro.ShiroConfiguration [88] - perms[sys:menu:add]
[ INFO ] [2018-05-25 22:27:02] com.erdong.warehouse.config.shiro.ShiroConfiguration [88] - perms[sys:menu:edit]
[ INFO ] [2018-05-25 22:27:02] com.erdong.warehouse.config.shiro.ShiroConfiguration [88] - perms[sys:menu:list]
[ INFO ] [2018-05-25 22:27:02] com.erdong.warehouse.config.shiro.ShiroConfiguration [88] - perms[sys:menu:remove]
[ INFO ] [2018-05-25 22:27:02] com.erdong.warehouse.config.shiro.ShiroConfiguration [88] - perms[sys:menu:save]
[ INFO ] [2018-05-25 22:27:02] com.erdong.warehouse.config.shiro.ShiroConfiguration [88] - perms[sys:operate:add]
[ INFO ] [2018-05-25 22:27:02] com.erdong.warehouse.config.shiro.ShiroConfiguration [88] - perms[sys:operate:edit]
[ INFO ] [2018-05-25 22:27:02] com.erdong.warehouse.config.shiro.ShiroConfiguration [88] - perms[sys:operate:list]
[ INFO ] [2018-05-25 22:27:02] com.erdong.warehouse.config.shiro.ShiroConfiguration [88] - perms[sys:operate:remove]
[ INFO ] [2018-05-25 22:27:02] com.erdong.warehouse.config.shiro.ShiroConfiguration [88] - perms[sys:operate:save]
[ INFO ] [2018-05-25 22:27:02] com.erdong.warehouse.config.shiro.ShiroConfiguration [88] - perms[sys:role:add]
[ INFO ] [2018-05-25 22:27:02] com.erdong.warehouse.config.shiro.ShiroConfiguration [88] - perms[sys:role:edit]
[ INFO ] [2018-05-25 22:27:02] com.erdong.warehouse.config.shiro.ShiroConfiguration [88] - perms[sys:role:list]
[ INFO ] [2018-05-25 22:27:02] com.erdong.warehouse.config.shiro.ShiroConfiguration [88] - perms[sys:role:permissions]
[ INFO ] [2018-05-25 22:27:02] com.erdong.warehouse.config.shiro.ShiroConfiguration [88] - perms[sys:role:remove]
[ INFO ] [2018-05-25 22:27:02] com.erdong.warehouse.config.shiro.ShiroConfiguration [88] - perms[sys:role:save]
[ INFO ] [2018-05-25 22:27:02] com.erdong.warehouse.config.shiro.ShiroConfiguration [88] - perms[sys:manager:add]
[ INFO ] [2018-05-25 22:27:02] com.erdong.warehouse.config.shiro.ShiroConfiguration [88] - perms[sys:manager:edit]
[ INFO ] [2018-05-25 22:27:02] com.erdong.warehouse.config.shiro.ShiroConfiguration [88] - perms[sys:manager:list]
[ INFO ] [2018-05-25 22:27:02] com.erdong.warehouse.config.shiro.ShiroConfiguration [88] - perms[sys:manager:remove]
[ INFO ] [2018-05-25 22:27:02] com.erdong.warehouse.config.shiro.ShiroConfiguration [88] - perms[sys:manager:save]
[ INFO ] [2018-05-25 22:27:02] com.erdong.warehouse.config.shiro.ShiroConfiguration [88] - perms[sys:logs:list]
[ INFO ] [2018-05-25 22:27:02] com.erdong.warehouse.config.shiro.ShiroConfiguration [88] - perms[sys:dict:edit]
[ INFO ] [2018-05-25 22:27:02] com.erdong.warehouse.config.shiro.ShiroConfiguration [88] - perms[sys:dict:list]
[ INFO ] [2018-05-25 22:27:02] com.erdong.warehouse.config.shiro.ShiroConfiguration [88] - perms[sys:dict:remove]
[ INFO ] [2018-05-25 22:27:02] com.erdong.warehouse.config.shiro.ShiroConfiguration [88] - perms[sys:dict:save]
[ INFO ] [2018-05-25 22:27:02] com.erdong.warehouse.config.shiro.ShiroConfiguration [88] - perms[sys:user:list]
[ INFO ] [2018-05-25 22:27:02] com.erdong.warehouse.config.shiro.ShiroConfiguration [88] - perms[baseInfo:list]
[ INFO ] [2018-05-25 22:27:02] com.erdong.warehouse.config.shiro.ShiroConfiguration [88] - perms[baseInfo:list]
[ INFO ] [2018-05-25 22:27:02] com.erdong.warehouse.config.shiro.ShiroConfiguration [88] - perms[baseInfo:predict:add]
[ INFO ] [2018-05-25 22:27:02] com.erdong.warehouse.config.shiro.ShiroConfiguration [88] - perms[baseInfo:predict:edit]
[ INFO ] [2018-05-25 22:27:02] com.erdong.warehouse.config.shiro.ShiroConfiguration [88] - perms[baseInfo:predict:eximport]
[ INFO ] [2018-05-25 22:27:02] com.erdong.warehouse.config.shiro.ShiroConfiguration [88] - perms[baseInfo:predict:list]
[ INFO ] [2018-05-25 22:27:02] com.erdong.warehouse.config.shiro.ShiroConfiguration [88] - perms[baseInfo:predict:list]
[ INFO ] [2018-05-25 22:27:02] com.erdong.warehouse.config.shiro.ShiroConfiguration [88] - perms[baseInfo:predict:remove]
[ INFO ] [2018-05-25 22:27:02] com.erdong.warehouse.config.shiro.ShiroConfiguration [88] - perms[baseInfo:health:add]
[ INFO ] [2018-05-25 22:27:02] com.erdong.warehouse.config.shiro.ShiroConfiguration [88] - perms[baseInfo:health:list]
[ INFO ] [2018-05-25 22:27:02] com.erdong.warehouse.config.shiro.ShiroConfiguration [88] - perms[baseInfo:health:list]
[ INFO ] [2018-05-25 22:27:02] com.erdong.warehouse.config.shiro.ShiroConfiguration [88] - perms[baseInfo:health:remove]
[ INFO ] [2018-05-25 22:27:02] com.erdong.warehouse.config.shiro.ShiroConfiguration [88] - perms[baseInfo:health:save]
[ INFO ] [2018-05-25 22:27:02] com.erdong.warehouse.config.shiro.ShiroConfiguration [88] - perms[baseInfo:quick:list]
[ INFO ] [2018-05-25 22:27:02] com.erdong.warehouse.config.shiro.ShiroConfiguration [88] - perms[baseInfo:quick:list]
[ INFO ] [2018-05-25 22:27:02] com.erdong.warehouse.config.shiro.ShiroConfiguration [88] - perms[sys:question:list]
[ DEBUG] [2018-05-25 22:27:02] com.zaxxer.hikari.pool.HikariPool [404] - HikariPool-1 - Pool stats (total=1, active=0, idle=1, waiting=0)
[ DEBUG] [2018-05-25 22:27:02] com.zaxxer.hikari.pool.HikariPool [700] - HikariPool-1 - Added connection com.mysql.jdbc.JDBC4Connection@1f4e270c
[ DEBUG] [2018-05-25 22:27:02] com.erdong.warehouse.config.shiro.ShiroConfiguration [93] - [拦截链] - [{"/resource/**":"anon","/install":"anon","/user/**":"anon","/sys/list":"authc,perms[sys:list]","/sys/menu/add":"authc,perms[sys:menu:add]","/sys/menu/edit":"authc,perms[sys:menu:edit]","/sys/menu/list":"authc,perms[sys:menu:list]","/sys/menu/remove":"authc,perms[sys:menu:remove]","/sys/menu/save":"authc,perms[sys:menu:save]","/sys/operate/add":"authc,perms[sys:operate:add]","/sys/operate/edit":"authc,perms[sys:operate:edit]","/sys/operate/list":"authc,perms[sys:operate:list]","/sys/operate/remove":"authc,perms[sys:operate:remove]","/sys/operate/save":"authc,perms[sys:operate:save]","/sys/role/add":"authc,perms[sys:role:add]","/sys/role/edit":"authc,perms[sys:role:edit]","/sys/role/list":"authc,perms[sys:role:list]","/sys/role/permissions":"authc,perms[sys:role:permissions]","/sys/role/remove":"authc,perms[sys:role:remove]","/sys/role/save":"authc,perms[sys:role:save]","/sys/manager/add":"authc,perms[sys:manager:add]","/sys/manager/edit":"authc,perms[sys:manager:edit]","/sys/manager/list":"authc,perms[sys:manager:list]","/sys/manager/remove":"authc,perms[sys:manager:remove]","/sys/manager/save":"authc,perms[sys:manager:save]","/sys/log/list":"authc,perms[sys:logs:list]","/sys/dict/edit":"authc,perms[sys:dict:edit]","/sys/dict/list":"authc,perms[sys:dict:list]","/sys/dict/remove":"authc,perms[sys:dict:remove]","/sys/dict/save":"authc,perms[sys:dict:save]","/sys/user/list":"authc,perms[sys:user:list]","/baseInfo/list":"authc,perms[baseInfo:list]","/baseInfo/predict/add":"authc,perms[baseInfo:predict:add]","/baseInfo/predict/edit":"authc,perms[baseInfo:predict:edit]","/baseInfo/predict/eximport":"authc,perms[baseInfo:predict:eximport]","/baseInfo/predict/list":"authc,perms[baseInfo:predict:list]","/baseInfo/predict/remove":"authc,perms[baseInfo:predict:remove]","/baseInfo/health/add":"authc,perms[baseInfo:health:add]","/baseInfo/health/list":"authc,perms[baseInfo:health:list]","/baseInfo/health/remove":"authc,perms[baseInfo:health:remove]","/baseInfo/health/save":"authc,perms[baseInfo:health:save]","/baseInfo/quick/list":"authc,perms[baseInfo:quick:list]","/sys/question/list":"authc,perms[sys:question:list]"}]
[ DEBUG] [2018-05-25 22:27:02] com.zaxxer.hikari.pool.HikariPool [700] - HikariPool-1 - Added connection com.mysql.jdbc.JDBC4Connection@6bdc4365
[ DEBUG] [2018-05-25 22:27:02] com.zaxxer.hikari.pool.HikariPool [700] - HikariPool-1 - Added connection com.mysql.jdbc.JDBC4Connection@3116a482
[ DEBUG] [2018-05-25 22:27:02] com.zaxxer.hikari.pool.HikariPool [700] - HikariPool-1 - Added connection com.mysql.jdbc.JDBC4Connection@3e2d1b14
[ DEBUG] [2018-05-25 22:27:02] com.zaxxer.hikari.pool.HikariPool [700] - HikariPool-1 - Added connection com.mysql.jdbc.JDBC4Connection@9318a0f
[ DEBUG] [2018-05-25 22:27:02] com.zaxxer.hikari.pool.HikariPool [700] - HikariPool-1 - Added connection com.mysql.jdbc.JDBC4Connection@163797fa
[ DEBUG] [2018-05-25 22:27:02] com.zaxxer.hikari.pool.HikariPool [700] - HikariPool-1 - Added connection com.mysql.jdbc.JDBC4Connection@67553aad
[ DEBUG] [2018-05-25 22:27:02] com.zaxxer.hikari.pool.HikariPool [700] - HikariPool-1 - Added connection com.mysql.jdbc.JDBC4Connection@183c01
[ DEBUG] [2018-05-25 22:27:02] com.zaxxer.hikari.pool.HikariPool [700] - HikariPool-1 - Added connection com.mysql.jdbc.JDBC4Connection@4f9f7114
[ DEBUG] [2018-05-25 22:27:02] com.zaxxer.hikari.pool.HikariPool [404] - HikariPool-1 - After adding stats (total=10, active=0, idle=10, waiting=0)
[ INFO ] [2018-05-25 22:27:02] org.springframework.context.support.PostProcessorRegistrationDelegate$BeanPostProcessorChecker [328] - Bean 'org.springframework.transaction.annotation.ProxyTransactionManagementConfiguration' of type [org.springframework.transaction.annotation.ProxyTransactionManagementConfiguration$$EnhancerBySpringCGLIB$$469934f3] is not eligible for getting processed by all BeanPostProcessors (for example: not eligible for auto-proxying)
[ INFO ] [2018-05-25 22:27:02] org.springframework.context.support.PostProcessorRegistrationDelegate$BeanPostProcessorChecker [328] - Bean 'getAuthorizationAttributeSourceAdvisor' of type [org.apache.shiro.spring.security.interceptor.AuthorizationAttributeSourceAdvisor] is not eligible for getting processed by all BeanPostProcessors (for example: not eligible for auto-proxying)
[ INFO ] [2018-05-25 22:27:02] org.springframework.boot.web.embedded.tomcat.TomcatWebServer [91] - Tomcat initialized with port(s): 80 (http)
[ INFO ] [2018-05-25 22:27:02] org.apache.coyote.http11.Http11NioProtocol [180] - Initializing ProtocolHandler ["http-nio-80"]
[ INFO ] [2018-05-25 22:27:02] org.apache.catalina.core.StandardService [180] - Starting service [Tomcat]
[ INFO ] [2018-05-25 22:27:02] org.apache.catalina.core.StandardEngine [180] - Starting Servlet Engine: Apache Tomcat/8.5.29
[ INFO ] [2018-05-25 22:27:02] org.apache.catalina.core.AprLifecycleListener [180] - The APR based Apache Tomcat Native library which allows optimal performance in production environments was not found on the java.library.path: [C:\Program Files\Java\jdk1.8.0_161\bin;C:\WINDOWS\Sun\Java\bin;C:\WINDOWS\system32;C:\WINDOWS;C:\ProgramData\Oracle\Java\javapath;C:\WINDOWS\system32;C:\WINDOWS;C:\WINDOWS\System32\Wbem;C:\WINDOWS\System32\WindowsPowerShell\v1.0\;C:\Program Files\Java\jdk1.8.0_161\bin;C:\Program Files\Java\jdk1.8.0_161\jre\bin;C:\Users\28296\AppData\Local\Microsoft\WindowsApps;"C:\Program Files\Java\jdk1.8.0_161\bin;";"C:\Program Files\Java\jdk1.8.0_161\jre\bin;";;.]
[ INFO ] [2018-05-25 22:27:03] org.apache.catalina.core.ContainerBase.[Tomcat].[localhost].[/] [180] - Initializing Spring embedded WebApplicationContext
[ INFO ] [2018-05-25 22:27:03] org.springframework.web.context.ContextLoader [285] - Root WebApplicationContext: initialization completed in 3477 ms
[ DEBUG] [2018-05-25 22:27:03] org.apache.shiro.spring.web.ShiroFilterFactoryBean [424] - Creating Shiro Filter instance.
[ DEBUG] [2018-05-25 22:27:03] org.apache.shiro.web.filter.mgt.DefaultFilterChainManager [127] - Creating chain [/resource/**] from String definition [anon]
[ DEBUG] [2018-05-25 22:27:03] org.apache.shiro.web.filter.mgt.DefaultFilterChainManager [278] - Attempting to apply path [/resource/**] to filter [anon] with config [null]
[ DEBUG] [2018-05-25 22:27:03] org.apache.shiro.web.filter.mgt.DefaultFilterChainManager [127] - Creating chain [/install] from String definition [anon]
[ DEBUG] [2018-05-25 22:27:03] org.apache.shiro.web.filter.mgt.DefaultFilterChainManager [278] - Attempting to apply path [/install] to filter [anon] with config [null]
[ DEBUG] [2018-05-25 22:27:03] org.apache.shiro.web.filter.mgt.DefaultFilterChainManager [127] - Creating chain [/user/**] from String definition [anon]
[ DEBUG] [2018-05-25 22:27:03] org.apache.shiro.web.filter.mgt.DefaultFilterChainManager [278] - Attempting to apply path [/user/**] to filter [anon] with config [null]
[ DEBUG] [2018-05-25 22:27:03] org.apache.shiro.web.filter.mgt.DefaultFilterChainManager [127] - Creating chain [/sys/list] from String definition [authc,perms[sys:list]]
[ DEBUG] [2018-05-25 22:27:03] org.apache.shiro.web.filter.mgt.DefaultFilterChainManager [278] - Attempting to apply path [/sys/list] to filter [authc] with config [null]
[ DEBUG] [2018-05-25 22:27:03] org.apache.shiro.web.filter.mgt.DefaultFilterChainManager [278] - Attempting to apply path [/sys/list] to filter [perms] with config [sys:list]
[ DEBUG] [2018-05-25 22:27:03] org.apache.shiro.web.filter.mgt.DefaultFilterChainManager [127] - Creating chain [/sys/menu/add] from String definition [authc,perms[sys:menu:add]]
[ DEBUG] [2018-05-25 22:27:03] org.apache.shiro.web.filter.mgt.DefaultFilterChainManager [278] - Attempting to apply path [/sys/menu/add] to filter [authc] with config [null]
[ DEBUG] [2018-05-25 22:27:03] org.apache.shiro.web.filter.mgt.DefaultFilterChainManager [278] - Attempting to apply path [/sys/menu/add] to filter [perms] with config [sys:menu:add]
[ DEBUG] [2018-05-25 22:27:03] org.apache.shiro.web.filter.mgt.DefaultFilterChainManager [127] - Creating chain [/sys/menu/edit] from String definition [authc,perms[sys:menu:edit]]
[ DEBUG] [2018-05-25 22:27:03] org.apache.shiro.web.filter.mgt.DefaultFilterChainManager [278] - Attempting to apply path [/sys/menu/edit] to filter [authc] with config [null]
[ DEBUG] [2018-05-25 22:27:03] org.apache.shiro.web.filter.mgt.DefaultFilterChainManager [278] - Attempting to apply path [/sys/menu/edit] to filter [perms] with config [sys:menu:edit]
[ DEBUG] [2018-05-25 22:27:03] org.apache.shiro.web.filter.mgt.DefaultFilterChainManager [127] - Creating chain [/sys/menu/list] from String definition [authc,perms[sys:menu:list]]
[ DEBUG] [2018-05-25 22:27:03] org.apache.shiro.web.filter.mgt.DefaultFilterChainManager [278] - Attempting to apply path [/sys/menu/list] to filter [authc] with config [null]
[ DEBUG] [2018-05-25 22:27:03] org.apache.shiro.web.filter.mgt.DefaultFilterChainManager [278] - Attempting to apply path [/sys/menu/list] to filter [perms] with config [sys:menu:list]
[ DEBUG] [2018-05-25 22:27:03] org.apache.shiro.web.filter.mgt.DefaultFilterChainManager [127] - Creating chain [/sys/menu/remove] from String definition [authc,perms[sys:menu:remove]]
[ DEBUG] [2018-05-25 22:27:03] org.apache.shiro.web.filter.mgt.DefaultFilterChainManager [278] - Attempting to apply path [/sys/menu/remove] to filter [authc] with config [null]
[ DEBUG] [2018-05-25 22:27:03] org.apache.shiro.web.filter.mgt.DefaultFilterChainManager [278] - Attempting to apply path [/sys/menu/remove] to filter [perms] with config [sys:menu:remove]
[ DEBUG] [2018-05-25 22:27:03] org.apache.shiro.web.filter.mgt.DefaultFilterChainManager [127] - Creating chain [/sys/menu/save] from String definition [authc,perms[sys:menu:save]]
[ DEBUG] [2018-05-25 22:27:03] org.apache.shiro.web.filter.mgt.DefaultFilterChainManager [278] - Attempting to apply path [/sys/menu/save] to filter [authc] with config [null]
[ DEBUG] [2018-05-25 22:27:03] org.apache.shiro.web.filter.mgt.DefaultFilterChainManager [278] - Attempting to apply path [/sys/menu/save] to filter [perms] with config [sys:menu:save]
[ DEBUG] [2018-05-25 22:27:03] org.apache.shiro.web.filter.mgt.DefaultFilterChainManager [127] - Creating chain [/sys/operate/add] from String definition [authc,perms[sys:operate:add]]
[ DEBUG] [2018-05-25 22:27:03] org.apache.shiro.web.filter.mgt.DefaultFilterChainManager [278] - Attempting to apply path [/sys/operate/add] to filter [authc] with config [null]
[ DEBUG] [2018-05-25 22:27:03] org.apache.shiro.web.filter.mgt.DefaultFilterChainManager [278] - Attempting to apply path [/sys/operate/add] to filter [perms] with config [sys:operate:add]
[ DEBUG] [2018-05-25 22:27:03] org.apache.shiro.web.filter.mgt.DefaultFilterChainManager [127] - Creating chain [/sys/operate/edit] from String definition [authc,perms[sys:operate:edit]]
[ DEBUG] [2018-05-25 22:27:03] org.apache.shiro.web.filter.mgt.DefaultFilterChainManager [278] - Attempting to apply path [/sys/operate/edit] to filter [authc] with config [null]
[ DEBUG] [2018-05-25 22:27:03] org.apache.shiro.web.filter.mgt.DefaultFilterChainManager [278] - Attempting to apply path [/sys/operate/edit] to filter [perms] with config [sys:operate:edit]
[ DEBUG] [2018-05-25 22:27:03] org.apache.shiro.web.filter.mgt.DefaultFilterChainManager [127] - Creating chain [/sys/operate/list] from String definition [authc,perms[sys:operate:list]]
[ DEBUG] [2018-05-25 22:27:03] org.apache.shiro.web.filter.mgt.DefaultFilterChainManager [278] - Attempting to apply path [/sys/operate/list] to filter [authc] with config [null]
[ DEBUG] [2018-05-25 22:27:03] org.apache.shiro.web.filter.mgt.DefaultFilterChainManager [278] - Attempting to apply path [/sys/operate/list] to filter [perms] with config [sys:operate:list]
[ DEBUG] [2018-05-25 22:27:03] org.apache.shiro.web.filter.mgt.DefaultFilterChainManager [127] - Creating chain [/sys/operate/remove] from String definition [authc,perms[sys:operate:remove]]
[ DEBUG] [2018-05-25 22:27:03] org.apache.shiro.web.filter.mgt.DefaultFilterChainManager [278] - Attempting to apply path [/sys/operate/remove] to filter [authc] with config [null]
[ DEBUG] [2018-05-25 22:27:03] org.apache.shiro.web.filter.mgt.DefaultFilterChainManager [278] - Attempting to apply path [/sys/operate/remove] to filter [perms] with config [sys:operate:remove]
[ DEBUG] [2018-05-25 22:27:03] org.apache.shiro.web.filter.mgt.DefaultFilterChainManager [127] - Creating chain [/sys/operate/save] from String definition [authc,perms[sys:operate:save]]
[ DEBUG] [2018-05-25 22:27:03] org.apache.shiro.web.filter.mgt.DefaultFilterChainManager [278] - Attempting to apply path [/sys/operate/save] to filter [authc] with config [null]
[ DEBUG] [2018-05-25 22:27:03] org.apache.shiro.web.filter.mgt.DefaultFilterChainManager [278] - Attempting to apply path [/sys/operate/save] to filter [perms] with config [sys:operate:save]
[ DEBUG] [2018-05-25 22:27:03] org.apache.shiro.web.filter.mgt.DefaultFilterChainManager [127] - Creating chain [/sys/role/add] from String definition [authc,perms[sys:role:add]]
[ DEBUG] [2018-05-25 22:27:03] org.apache.shiro.web.filter.mgt.DefaultFilterChainManager [278] - Attempting to apply path [/sys/role/add] to filter [authc] with config [null]
[ DEBUG] [2018-05-25 22:27:03] org.apache.shiro.web.filter.mgt.DefaultFilterChainManager [278] - Attempting to apply path [/sys/role/add] to filter [perms] with config [sys:role:add]
[ DEBUG] [2018-05-25 22:27:03] org.apache.shiro.web.filter.mgt.DefaultFilterChainManager [127] - Creating chain [/sys/role/edit] from String definition [authc,perms[sys:role:edit]]
[ DEBUG] [2018-05-25 22:27:03] org.apache.shiro.web.filter.mgt.DefaultFilterChainManager [278] - Attempting to apply path [/sys/role/edit] to filter [authc] with config [null]
[ DEBUG] [2018-05-25 22:27:03] org.apache.shiro.web.filter.mgt.DefaultFilterChainManager [278] - Attempting to apply path [/sys/role/edit] to filter [perms] with config [sys:role:edit]
[ DEBUG] [2018-05-25 22:27:03] org.apache.shiro.web.filter.mgt.DefaultFilterChainManager [127] - Creating chain [/sys/role/list] from String definition [authc,perms[sys:role:list]]
[ DEBUG] [2018-05-25 22:27:03] org.apache.shiro.web.filter.mgt.DefaultFilterChainManager [278] - Attempting to apply path [/sys/role/list] to filter [authc] with config [null]
[ DEBUG] [2018-05-25 22:27:03] org.apache.shiro.web.filter.mgt.DefaultFilterChainManager [278] - Attempting to apply path [/sys/role/list] to filter [perms] with config [sys:role:list]
[ DEBUG] [2018-05-25 22:27:03] org.apache.shiro.web.filter.mgt.DefaultFilterChainManager [127] - Creating chain [/sys/role/permissions] from String definition [authc,perms[sys:role:permissions]]
[ DEBUG] [2018-05-25 22:27:03] org.apache.shiro.web.filter.mgt.DefaultFilterChainManager [278] - Attempting to apply path [/sys/role/permissions] to filter [authc] with config [null]
[ DEBUG] [2018-05-25 22:27:03] org.apache.shiro.web.filter.mgt.DefaultFilterChainManager [278] - Attempting to apply path [/sys/role/permissions] to filter [perms] with config [sys:role:permissions]
[ DEBUG] [2018-05-25 22:27:03] org.apache.shiro.web.filter.mgt.DefaultFilterChainManager [127] - Creating chain [/sys/role/remove] from String definition [authc,perms[sys:role:remove]]
[ DEBUG] [2018-05-25 22:27:03] org.apache.shiro.web.filter.mgt.DefaultFilterChainManager [278] - Attempting to apply path [/sys/role/remove] to filter [authc] with config [null]
[ DEBUG] [2018-05-25 22:27:03] org.apache.shiro.web.filter.mgt.DefaultFilterChainManager [278] - Attempting to apply path [/sys/role/remove] to filter [perms] with config [sys:role:remove]
[ DEBUG] [2018-05-25 22:27:03] org.apache.shiro.web.filter.mgt.DefaultFilterChainManager [127] - Creating chain [/sys/role/save] from String definition [authc,perms[sys:role:save]]
[ DEBUG] [2018-05-25 22:27:03] org.apache.shiro.web.filter.mgt.DefaultFilterChainManager [278] - Attempting to apply path [/sys/role/save] to filter [authc] with config [null]
[ DEBUG] [2018-05-25 22:27:03] org.apache.shiro.web.filter.mgt.DefaultFilterChainManager [278] - Attempting to apply path [/sys/role/save] to filter [perms] with config [sys:role:save]
[ DEBUG] [2018-05-25 22:27:03] org.apache.shiro.web.filter.mgt.DefaultFilterChainManager [127] - Creating chain [/sys/manager/add] from String definition [authc,perms[sys:manager:add]]
[ DEBUG] [2018-05-25 22:27:03] org.apache.shiro.web.filter.mgt.DefaultFilterChainManager [278] - Attempting to apply path [/sys/manager/add] to filter [authc] with config [null]
[ DEBUG] [2018-05-25 22:27:03] org.apache.shiro.web.filter.mgt.DefaultFilterChainManager [278] - Attempting to apply path [/sys/manager/add] to filter [perms] with config [sys:manager:add]
[ DEBUG] [2018-05-25 22:27:03] org.apache.shiro.web.filter.mgt.DefaultFilterChainManager [127] - Creating chain [/sys/manager/edit] from String definition [authc,perms[sys:manager:edit]]
[ DEBUG] [2018-05-25 22:27:03] org.apache.shiro.web.filter.mgt.DefaultFilterChainManager [278] - Attempting to apply path [/sys/manager/edit] to filter [authc] with config [null]
[ DEBUG] [2018-05-25 22:27:03] org.apache.shiro.web.filter.mgt.DefaultFilterChainManager [278] - Attempting to apply path [/sys/manager/edit] to filter [perms] with config [sys:manager:edit]
[ DEBUG] [2018-05-25 22:27:03] org.apache.shiro.web.filter.mgt.DefaultFilterChainManager [127] - Creating chain [/sys/manager/list] from String definition [authc,perms[sys:manager:list]]
[ DEBUG] [2018-05-25 22:27:03] org.apache.shiro.web.filter.mgt.DefaultFilterChainManager [278] - Attempting to apply path [/sys/manager/list] to filter [authc] with config [null]
[ DEBUG] [2018-05-25 22:27:03] org.apache.shiro.web.filter.mgt.DefaultFilterChainManager [278] - Attempting to apply path [/sys/manager/list] to filter [perms] with config [sys:manager:list]
[ DEBUG] [2018-05-25 22:27:03] org.apache.shiro.web.filter.mgt.DefaultFilterChainManager [127] - Creating chain [/sys/manager/remove] from String definition [authc,perms[sys:manager:remove]]
[ DEBUG] [2018-05-25 22:27:03] org.apache.shiro.web.filter.mgt.DefaultFilterChainManager [278] - Attempting to apply path [/sys/manager/remove] to filter [authc] with config [null]
[ DEBUG] [2018-05-25 22:27:03] org.apache.shiro.web.filter.mgt.DefaultFilterChainManager [278] - Attempting to apply path [/sys/manager/remove] to filter [perms] with config [sys:manager:remove]
[ DEBUG] [2018-05-25 22:27:03] org.apache.shiro.web.filter.mgt.DefaultFilterChainManager [127] - Creating chain [/sys/manager/save] from String definition [authc,perms[sys:manager:save]]
[ DEBUG] [2018-05-25 22:27:03] org.apache.shiro.web.filter.mgt.DefaultFilterChainManager [278] - Attempting to apply path [/sys/manager/save] to filter [authc] with config [null]
[ DEBUG] [2018-05-25 22:27:03] org.apache.shiro.web.filter.mgt.DefaultFilterChainManager [278] - Attempting to apply path [/sys/manager/save] to filter [perms] with config [sys:manager:save]
[ DEBUG] [2018-05-25 22:27:03] org.apache.shiro.web.filter.mgt.DefaultFilterChainManager [127] - Creating chain [/sys/log/list] from String definition [authc,perms[sys:logs:list]]
[ DEBUG] [2018-05-25 22:27:03] org.apache.shiro.web.filter.mgt.DefaultFilterChainManager [278] - Attempting to apply path [/sys/log/list] to filter [authc] with config [null]
[ DEBUG] [2018-05-25 22:27:03] org.apache.shiro.web.filter.mgt.DefaultFilterChainManager [278] - Attempting to apply path [/sys/log/list] to filter [perms] with config [sys:logs:list]
[ DEBUG] [2018-05-25 22:27:03] org.apache.shiro.web.filter.mgt.DefaultFilterChainManager [127] - Creating chain [/sys/dict/edit] from String definition [authc,perms[sys:dict:edit]]
[ DEBUG] [2018-05-25 22:27:03] org.apache.shiro.web.filter.mgt.DefaultFilterChainManager [278] - Attempting to apply path [/sys/dict/edit] to filter [authc] with config [null]
[ DEBUG] [2018-05-25 22:27:03] org.apache.shiro.web.filter.mgt.DefaultFilterChainManager [278] - Attempting to apply path [/sys/dict/edit] to filter [perms] with config [sys:dict:edit]
[ DEBUG] [2018-05-25 22:27:03] org.apache.shiro.web.filter.mgt.DefaultFilterChainManager [127] - Creating chain [/sys/dict/list] from String definition [authc,perms[sys:dict:list]]
[ DEBUG] [2018-05-25 22:27:03] org.apache.shiro.web.filter.mgt.DefaultFilterChainManager [278] - Attempting to apply path [/sys/dict/list] to filter [authc] with config [null]
[ DEBUG] [2018-05-25 22:27:03] org.apache.shiro.web.filter.mgt.DefaultFilterChainManager [278] - Attempting to apply path [/sys/dict/list] to filter [perms] with config [sys:dict:list]
[ DEBUG] [2018-05-25 22:27:03] org.apache.shiro.web.filter.mgt.DefaultFilterChainManager [127] - Creating chain [/sys/dict/remove] from String definition [authc,perms[sys:dict:remove]]
[ DEBUG] [2018-05-25 22:27:03] org.apache.shiro.web.filter.mgt.DefaultFilterChainManager [278] - Attempting to apply path [/sys/dict/remove] to filter [authc] with config [null]
[ DEBUG] [2018-05-25 22:27:03] org.apache.shiro.web.filter.mgt.DefaultFilterChainManager [278] - Attempting to apply path [/sys/dict/remove] to filter [perms] with config [sys:dict:remove]
[ DEBUG] [2018-05-25 22:27:03] org.apache.shiro.web.filter.mgt.DefaultFilterChainManager [127] - Creating chain [/sys/dict/save] from String definition [authc,perms[sys:dict:save]]
[ DEBUG] [2018-05-25 22:27:03] org.apache.shiro.web.filter.mgt.DefaultFilterChainManager [278] - Attempting to apply path [/sys/dict/save] to filter [authc] with config [null]
[ DEBUG] [2018-05-25 22:27:03] org.apache.shiro.web.filter.mgt.DefaultFilterChainManager [278] - Attempting to apply path [/sys/dict/save] to filter [perms] with config [sys:dict:save]
[ DEBUG] [2018-05-25 22:27:03] org.apache.shiro.web.filter.mgt.DefaultFilterChainManager [127] - Creating chain [/sys/user/list] from String definition [authc,perms[sys:user:list]]
[ DEBUG] [2018-05-25 22:27:03] org.apache.shiro.web.filter.mgt.DefaultFilterChainManager [278] - Attempting to apply path [/sys/user/list] to filter [authc] with config [null]
[ DEBUG] [2018-05-25 22:27:03] org.apache.shiro.web.filter.mgt.DefaultFilterChainManager [278] - Attempting to apply path [/sys/user/list] to filter [perms] with config [sys:user:list]
[ DEBUG] [2018-05-25 22:27:03] org.apache.shiro.web.filter.mgt.DefaultFilterChainManager [127] - Creating chain [/baseInfo/list] from String definition [authc,perms[baseInfo:list]]
[ DEBUG] [2018-05-25 22:27:03] org.apache.shiro.web.filter.mgt.DefaultFilterChainManager [278] - Attempting to apply path [/baseInfo/list] to filter [authc] with config [null]
[ DEBUG] [2018-05-25 22:27:03] org.apache.shiro.web.filter.mgt.DefaultFilterChainManager [278] - Attempting to apply path [/baseInfo/list] to filter [perms] with config [baseInfo:list]
[ DEBUG] [2018-05-25 22:27:03] org.apache.shiro.web.filter.mgt.DefaultFilterChainManager [127] - Creating chain [/baseInfo/predict/add] from String definition [authc,perms[baseInfo:predict:add]]
[ DEBUG] [2018-05-25 22:27:03] org.apache.shiro.web.filter.mgt.DefaultFilterChainManager [278] - Attempting to apply path [/baseInfo/predict/add] to filter [authc] with config [null]
[ DEBUG] [2018-05-25 22:27:03] org.apache.shiro.web.filter.mgt.DefaultFilterChainManager [278] - Attempting to apply path [/baseInfo/predict/add] to filter [perms] with config [baseInfo:predict:add]
[ DEBUG] [2018-05-25 22:27:03] org.apache.shiro.web.filter.mgt.DefaultFilterChainManager [127] - Creating chain [/baseInfo/predict/edit] from String definition [authc,perms[baseInfo:predict:edit]]
[ DEBUG] [2018-05-25 22:27:03] org.apache.shiro.web.filter.mgt.DefaultFilterChainManager [278] - Attempting to apply path [/baseInfo/predict/edit] to filter [authc] with config [null]
[ DEBUG] [2018-05-25 22:27:03] org.apache.shiro.web.filter.mgt.DefaultFilterChainManager [278] - Attempting to apply path [/baseInfo/predict/edit] to filter [perms] with config [baseInfo:predict:edit]
[ DEBUG] [2018-05-25 22:27:03] org.apache.shiro.web.filter.mgt.DefaultFilterChainManager [127] - Creating chain [/baseInfo/predict/eximport] from String definition [authc,perms[baseInfo:predict:eximport]]
[ DEBUG] [2018-05-25 22:27:03] org.apache.shiro.web.filter.mgt.DefaultFilterChainManager [278] - Attempting to apply path [/baseInfo/predict/eximport] to filter [authc] with config [null]
[ DEBUG] [2018-05-25 22:27:03] org.apache.shiro.web.filter.mgt.DefaultFilterChainManager [278] - Attempting to apply path [/baseInfo/predict/eximport] to filter [perms] with config [baseInfo:predict:eximport]
[ DEBUG] [2018-05-25 22:27:03] org.apache.shiro.web.filter.mgt.DefaultFilterChainManager [127] - Creating chain [/baseInfo/predict/list] from String definition [authc,perms[baseInfo:predict:list]]
[ DEBUG] [2018-05-25 22:27:03] org.apache.shiro.web.filter.mgt.DefaultFilterChainManager [278] - Attempting to apply path [/baseInfo/predict/list] to filter [authc] with config [null]
[ DEBUG] [2018-05-25 22:27:03] org.apache.shiro.web.filter.mgt.DefaultFilterChainManager [278] - Attempting to apply path [/baseInfo/predict/list] to filter [perms] with config [baseInfo:predict:list]
[ DEBUG] [2018-05-25 22:27:03] org.apache.shiro.web.filter.mgt.DefaultFilterChainManager [127] - Creating chain [/baseInfo/predict/remove] from String definition [authc,perms[baseInfo:predict:remove]]
[ DEBUG] [2018-05-25 22:27:03] org.apache.shiro.web.filter.mgt.DefaultFilterChainManager [278] - Attempting to apply path [/baseInfo/predict/remove] to filter [authc] with config [null]
[ DEBUG] [2018-05-25 22:27:03] org.apache.shiro.web.filter.mgt.DefaultFilterChainManager [278] - Attempting to apply path [/baseInfo/predict/remove] to filter [perms] with config [baseInfo:predict:remove]
[ DEBUG] [2018-05-25 22:27:03] org.apache.shiro.web.filter.mgt.DefaultFilterChainManager [127] - Creating chain [/baseInfo/health/add] from String definition [authc,perms[baseInfo:health:add]]
[ DEBUG] [2018-05-25 22:27:03] org.apache.shiro.web.filter.mgt.DefaultFilterChainManager [278] - Attempting to apply path [/baseInfo/health/add] to filter [authc] with config [null]
[ DEBUG] [2018-05-25 22:27:03] org.apache.shiro.web.filter.mgt.DefaultFilterChainManager [278] - Attempting to apply path [/baseInfo/health/add] to filter [perms] with config [baseInfo:health:add]
[ DEBUG] [2018-05-25 22:27:03] org.apache.shiro.web.filter.mgt.DefaultFilterChainManager [127] - Creating chain [/baseInfo/health/list] from String definition [authc,perms[baseInfo:health:list]]
[ DEBUG] [2018-05-25 22:27:03] org.apache.shiro.web.filter.mgt.DefaultFilterChainManager [278] - Attempting to apply path [/baseInfo/health/list] to filter [authc] with config [null]
[ DEBUG] [2018-05-25 22:27:03] org.apache.shiro.web.filter.mgt.DefaultFilterChainManager [278] - Attempting to apply path [/baseInfo/health/list] to filter [perms] with config [baseInfo:health:list]
[ DEBUG] [2018-05-25 22:27:03] org.apache.shiro.web.filter.mgt.DefaultFilterChainManager [127] - Creating chain [/baseInfo/health/remove] from String definition [authc,perms[baseInfo:health:remove]]
[ DEBUG] [2018-05-25 22:27:03] org.apache.shiro.web.filter.mgt.DefaultFilterChainManager [278] - Attempting to apply path [/baseInfo/health/remove] to filter [authc] with config [null]
[ DEBUG] [2018-05-25 22:27:03] org.apache.shiro.web.filter.mgt.DefaultFilterChainManager [278] - Attempting to apply path [/baseInfo/health/remove] to filter [perms] with config [baseInfo:health:remove]
[ DEBUG] [2018-05-25 22:27:03] org.apache.shiro.web.filter.mgt.DefaultFilterChainManager [127] - Creating chain [/baseInfo/health/save] from String definition [authc,perms[baseInfo:health:save]]
[ DEBUG] [2018-05-25 22:27:03] org.apache.shiro.web.filter.mgt.DefaultFilterChainManager [278] - Attempting to apply path [/baseInfo/health/save] to filter [authc] with config [null]
[ DEBUG] [2018-05-25 22:27:03] org.apache.shiro.web.filter.mgt.DefaultFilterChainManager [278] - Attempting to apply path [/baseInfo/health/save] to filter [perms] with config [baseInfo:health:save]
[ DEBUG] [2018-05-25 22:27:03] org.apache.shiro.web.filter.mgt.DefaultFilterChainManager [127] - Creating chain [/baseInfo/quick/list] from String definition [authc,perms[baseInfo:quick:list]]
[ DEBUG] [2018-05-25 22:27:03] org.apache.shiro.web.filter.mgt.DefaultFilterChainManager [278] - Attempting to apply path [/baseInfo/quick/list] to filter [authc] with config [null]
[ DEBUG] [2018-05-25 22:27:03] org.apache.shiro.web.filter.mgt.DefaultFilterChainManager [278] - Attempting to apply path [/baseInfo/quick/list] to filter [perms] with config [baseInfo:quick:list]
[ DEBUG] [2018-05-25 22:27:03] org.apache.shiro.web.filter.mgt.DefaultFilterChainManager [127] - Creating chain [/sys/question/list] from String definition [authc,perms[sys:question:list]]
[ DEBUG] [2018-05-25 22:27:03] org.apache.shiro.web.filter.mgt.DefaultFilterChainManager [278] - Attempting to apply path [/sys/question/list] to filter [authc] with config [null]
[ DEBUG] [2018-05-25 22:27:03] org.apache.shiro.web.filter.mgt.DefaultFilterChainManager [278] - Attempting to apply path [/sys/question/list] to filter [perms] with config [sys:question:list]
[ DEBUG] [2018-05-25 22:27:03] org.apache.shiro.spring.web.ShiroFilterFactoryBean [501] - Found filter chain candidate filter 'requestContextFilter'
[ DEBUG] [2018-05-25 22:27:03] org.apache.shiro.spring.web.ShiroFilterFactoryBean [501] - Found filter chain candidate filter 'hiddenHttpMethodFilter'
[ DEBUG] [2018-05-25 22:27:03] org.apache.shiro.spring.web.ShiroFilterFactoryBean [501] - Found filter chain candidate filter 'httpPutFormContentFilter'
[ DEBUG] [2018-05-25 22:27:03] org.apache.shiro.spring.web.ShiroFilterFactoryBean [501] - Found filter chain candidate filter 'characterEncodingFilter'
[ INFO ] [2018-05-25 22:27:03] org.springframework.boot.web.servlet.ServletRegistrationBean [185] - Servlet dispatcherServlet mapped to [/]
[ INFO ] [2018-05-25 22:27:03] org.springframework.boot.web.servlet.FilterRegistrationBean [244] - Mapping filter: 'characterEncodingFilter' to: [/*]
[ INFO ] [2018-05-25 22:27:03] org.springframework.boot.web.servlet.FilterRegistrationBean [244] - Mapping filter: 'hiddenHttpMethodFilter' to: [/*]
[ INFO ] [2018-05-25 22:27:03] org.springframework.boot.web.servlet.FilterRegistrationBean [244] - Mapping filter: 'httpPutFormContentFilter' to: [/*]
[ INFO ] [2018-05-25 22:27:03] org.springframework.boot.web.servlet.FilterRegistrationBean [244] - Mapping filter: 'requestContextFilter' to: [/*]
[ INFO ] [2018-05-25 22:27:03] org.springframework.boot.web.servlet.FilterRegistrationBean [244] - Mapping filter: 'shiroFilter' to: [/*]
[ DEBUG] [2018-05-25 22:27:03] org.hibernate.validator.internal.engine.resolver.TraversableResolvers [70] - Found javax.persistence.Persistence on classpath, but no method 'getPersistenceUtil'. Assuming JPA 1 environment. All properties will per default be traversable.
[ DEBUG] [2018-05-25 22:27:03] org.hibernate.validator.messageinterpolation.ResourceBundleMessageInterpolator [89] - Loaded expression factory via original TCCL
[ DEBUG] [2018-05-25 22:27:03] org.hibernate.validator.internal.engine.resolver.TraversableResolvers [70] - Found javax.persistence.Persistence on classpath, but no method 'getPersistenceUtil'. Assuming JPA 1 environment. All properties will per default be traversable.
[ DEBUG] [2018-05-25 22:27:03] org.hibernate.validator.internal.engine.ConfigurationImpl [148] - Setting custom MessageInterpolator of type org.springframework.validation.beanvalidation.LocaleContextMessageInterpolator
[ DEBUG] [2018-05-25 22:27:03] org.hibernate.validator.internal.engine.ConfigurationImpl [180] - Setting custom ConstraintValidatorFactory of type org.springframework.validation.beanvalidation.SpringConstraintValidatorFactory
[ DEBUG] [2018-05-25 22:27:03] org.hibernate.validator.internal.engine.ConfigurationImpl [194] - Setting custom ParameterNameProvider of type org.springframework.validation.beanvalidation.LocalValidatorFactoryBean$1
[ DEBUG] [2018-05-25 22:27:03] org.hibernate.validator.internal.xml.ValidationXmlParser [133] - Trying to load META-INF/validation.xml for XML based Validator configuration.
[ DEBUG] [2018-05-25 22:27:03] org.hibernate.validator.internal.xml.ResourceLoaderHelper [53] - Trying to load META-INF/validation.xml via user class loader
[ DEBUG] [2018-05-25 22:27:03] org.hibernate.validator.internal.xml.ResourceLoaderHelper [60] - Trying to load META-INF/validation.xml via TCCL
[ DEBUG] [2018-05-25 22:27:03] org.hibernate.validator.internal.xml.ResourceLoaderHelper [66] - Trying to load META-INF/validation.xml via Hibernate Validator's class loader
[ DEBUG] [2018-05-25 22:27:03] org.hibernate.validator.internal.xml.ValidationXmlParser [140] - No META-INF/validation.xml found. Using annotation based configuration only.
[ DEBUG] [2018-05-25 22:27:03] org.hibernate.validator.internal.engine.ValidatorFactoryImpl [578] - HV000234: Using org.springframework.validation.beanvalidation.LocaleContextMessageInterpolator as ValidatorFactory-scoped message interpolator.
[ DEBUG] [2018-05-25 22:27:03] org.hibernate.validator.internal.engine.ValidatorFactoryImpl [579] - HV000234: Using org.hibernate.validator.internal.engine.resolver.TraverseAllTraversableResolver as ValidatorFactory-scoped traversable resolver.
[ DEBUG] [2018-05-25 22:27:03] org.hibernate.validator.internal.engine.ValidatorFactoryImpl [580] - HV000234: Using org.hibernate.validator.internal.util.ExecutableParameterNameProvider as ValidatorFactory-scoped parameter name provider.
[ DEBUG] [2018-05-25 22:27:03] org.hibernate.validator.internal.engine.ValidatorFactoryImpl [581] - HV000234: Using org.hibernate.validator.internal.engine.DefaultClockProvider as ValidatorFactory-scoped clock provider.
[ DEBUG] [2018-05-25 22:27:03] org.hibernate.validator.internal.engine.ValidatorFactoryImpl [582] - HV000234: Using org.hibernate.validator.internal.engine.scripting.DefaultScriptEvaluatorFactory as ValidatorFactory-scoped script evaluator factory.
[ INFO ] [2018-05-25 22:27:03] org.springframework.web.servlet.handler.SimpleUrlHandlerMapping [373] - Mapped URL path [/**/favicon.ico] onto handler of type [class org.springframework.web.servlet.resource.ResourceHttpRequestHandler]
[ INFO ] [2018-05-25 22:27:04] org.springframework.web.servlet.mvc.method.annotation.RequestMappingHandlerAdapter [574] - Looking for @ControllerAdvice: org.springframework.boot.web.servlet.context.AnnotationConfigServletWebServerApplicationContext@24269709: startup date [Fri May 25 22:26:59 CST 2018]; root of context hierarchy
[ INFO ] [2018-05-25 22:27:04] org.springframework.web.servlet.mvc.method.annotation.RequestMappingHandlerMapping [547] - Mapped "{[/baseInfo/quick/edit]}" onto public java.lang.String com.erdong.warehouse.controller.BaseInfoController.editQuick(com.erdong.warehouse.pojo.Quick)
[ INFO ] [2018-05-25 22:27:04] org.springframework.web.servlet.mvc.method.annotation.RequestMappingHandlerMapping [547] - Mapped "{[/baseInfo/health/list]}" onto public com.erdong.warehouse.pojo.LayResult<com.erdong.warehouse.pojo.Hospital> com.erdong.warehouse.controller.BaseInfoController.healthList(java.lang.Integer,java.lang.Integer,java.lang.Long,java.lang.String,java.lang.String,java.lang.String)
[ INFO ] [2018-05-25 22:27:04] org.springframework.web.servlet.mvc.method.annotation.RequestMappingHandlerMapping [547] - Mapped "{[/baseInfo/health/edit]}" onto public java.lang.String com.erdong.warehouse.controller.BaseInfoController.editHealth(com.erdong.warehouse.pojo.Hospital)
[ INFO ] [2018-05-25 22:27:04] org.springframework.web.servlet.mvc.method.annotation.RequestMappingHandlerMapping [547] - Mapped "{[/baseInfo/quick/list]}" onto public com.erdong.warehouse.pojo.LayResult<com.erdong.warehouse.pojo.Quick> com.erdong.warehouse.controller.BaseInfoController.quickhList(java.lang.Integer,java.lang.Integer)
[ INFO ] [2018-05-25 22:27:04] org.springframework.web.servlet.mvc.method.annotation.RequestMappingHandlerMapping [547] - Mapped "{[/baseInfo/predict/list]}" onto public com.erdong.warehouse.pojo.LayResult<com.erdong.warehouse.pojo.Predict> com.erdong.warehouse.controller.BaseInfoController.selectBydoctorId(java.lang.Integer,java.lang.Integer,java.lang.Long,java.lang.String,java.lang.String,java.lang.String)
[ INFO ] [2018-05-25 22:27:04] org.springframework.web.servlet.mvc.method.annotation.RequestMappingHandlerMapping [547] - Mapped "{[/ || /login]}" onto public java.lang.String com.erdong.warehouse.controller.IndexController.index()
[ INFO ] [2018-05-25 22:27:04] org.springframework.web.servlet.mvc.method.annotation.RequestMappingHandlerMapping [547] - Mapped "{[/show]}" onto public java.lang.String com.erdong.warehouse.controller.IndexController.show(org.springframework.ui.Model)
[ INFO ] [2018-05-25 22:27:04] org.springframework.web.servlet.mvc.method.annotation.RequestMappingHandlerMapping [547] - Mapped "{[/loginout]}" onto public java.lang.String com.erdong.warehouse.controller.IndexController.loginout()
[ INFO ] [2018-05-25 22:27:04] org.springframework.web.servlet.mvc.method.annotation.RequestMappingHandlerMapping [547] - Mapped "{[/send]}" onto public java.lang.String com.erdong.warehouse.controller.IndexController.send(java.lang.Integer,org.springframework.ui.Model)
[ INFO ] [2018-05-25 22:27:04] org.springframework.web.servlet.mvc.method.annotation.RequestMappingHandlerMapping [547] - Mapped "{[/shows]}" onto public java.lang.String com.erdong.warehouse.controller.IndexController.shows(org.springframework.ui.Model)
[ INFO ] [2018-05-25 22:27:04] org.springframework.web.servlet.mvc.method.annotation.RequestMappingHandlerMapping [547] - Mapped "{[/logins]}" onto public java.lang.String com.erdong.warehouse.controller.IndexController.login(com.erdong.warehouse.pojo.Manager,org.springframework.web.servlet.mvc.support.RedirectAttributes)
[ INFO ] [2018-05-25 22:27:04] org.springframework.web.servlet.mvc.method.annotation.RequestMappingHandlerMapping [547] - Mapped "{[/sends]}" onto public java.lang.String com.erdong.warehouse.controller.IndexController.sends(java.lang.Integer)
[ INFO ] [2018-05-25 22:27:04] org.springframework.web.servlet.mvc.method.annotation.RequestMappingHandlerMapping [547] - Mapped "{[/sys/manager/remove]}" onto public java.lang.String com.erdong.warehouse.controller.SysController.remove(java.lang.Integer)
[ INFO ] [2018-05-25 22:27:04] org.springframework.web.servlet.mvc.method.annotation.RequestMappingHandlerMapping [547] - Mapped "{[/sys/user/list]}" onto public com.erdong.warehouse.pojo.LayResult<com.erdong.warehouse.pojo.User> com.erdong.warehouse.controller.SysController.userList(java.lang.Integer,java.lang.Integer)
[ INFO ] [2018-05-25 22:27:04] org.springframework.web.servlet.mvc.method.annotation.RequestMappingHandlerMapping [547] - Mapped "{[/sys/question/edit]}" onto public java.lang.String com.erdong.warehouse.controller.SysController.editQuick(com.erdong.warehouse.pojo.Question)
[ INFO ] [2018-05-25 22:27:04] org.springframework.web.servlet.mvc.method.annotation.RequestMappingHandlerMapping [547] - Mapped "{[/sys/question/list]}" onto public com.erdong.warehouse.pojo.LayResult<com.erdong.warehouse.pojo.Question> com.erdong.warehouse.controller.SysController.quickhList(java.lang.Integer,java.lang.Integer)
[ INFO ] [2018-05-25 22:27:04] org.springframework.web.servlet.mvc.method.annotation.RequestMappingHandlerMapping [547] - Mapped "{[/sys/manager/edit]}" onto public java.lang.String com.erdong.warehouse.controller.SysController.addmanager(com.erdong.warehouse.pojo.Manager,java.lang.Byte,org.springframework.web.servlet.mvc.support.RedirectAttributes)
[ INFO ] [2018-05-25 22:27:04] org.springframework.web.servlet.mvc.method.annotation.RequestMappingHandlerMapping [547] - Mapped "{[/sys/role/list]}" onto public com.erdong.warehouse.pojo.LayResult<com.erdong.warehouse.pojo.Role> com.erdong.warehouse.controller.SysController.roleList()
[ INFO ] [2018-05-25 22:27:04] org.springframework.web.servlet.mvc.method.annotation.RequestMappingHandlerMapping [547] - Mapped "{[/sys/user/edit]}" onto public java.lang.Integer com.erdong.warehouse.controller.SysController.updateUser(com.erdong.warehouse.pojo.User)
[ INFO ] [2018-05-25 22:27:04] org.springframework.web.servlet.mvc.method.annotation.RequestMappingHandlerMapping [547] - Mapped "{[/sys/manager/list]}" onto public java.lang.Object com.erdong.warehouse.controller.SysController.managerList(java.lang.Integer,java.lang.Integer,java.lang.Integer)
[ INFO ] [2018-05-25 22:27:04] org.springframework.web.servlet.mvc.method.annotation.RequestMappingHandlerMapping [547] - Mapped "{[/test/test/{id}]}" onto public java.lang.String com.erdong.warehouse.controller.TestController.test(java.lang.Integer)
[ INFO ] [2018-05-25 22:27:04] org.springframework.web.servlet.mvc.method.annotation.RequestMappingHandlerMapping [547] - Mapped "{[/test/show]}" onto public java.lang.String com.erdong.warehouse.controller.TestController.show(org.springframework.ui.Model)
[ INFO ] [2018-05-25 22:27:04] org.springframework.web.servlet.mvc.method.annotation.RequestMappingHandlerMapping [547] - Mapped "{[/test/denied]}" onto public java.lang.String com.erdong.warehouse.controller.TestController.denied(org.springframework.ui.Model)
[ INFO ] [2018-05-25 22:27:04] org.springframework.web.servlet.mvc.method.annotation.RequestMappingHandlerMapping [547] - Mapped "{[/test/login]}" onto public java.lang.String com.erdong.warehouse.controller.TestController.login(com.erdong.warehouse.pojo.Manager,org.springframework.web.servlet.mvc.support.RedirectAttributes)
[ INFO ] [2018-05-25 22:27:04] org.springframework.web.servlet.mvc.method.annotation.RequestMappingHandlerMapping [547] - Mapped "{[/user/save]}" onto public com.erdong.warehouse.pojo.User com.erdong.warehouse.controller.UserController.save(com.erdong.warehouse.pojo.User)
[ INFO ] [2018-05-25 22:27:04] org.springframework.web.servlet.mvc.method.annotation.RequestMappingHandlerMapping [547] - Mapped "{[/user/selectPredictByUserId]}" onto public java.util.List<com.erdong.warehouse.pojo.Predict> com.erdong.warehouse.controller.UserController.selectPredictByUserId(com.erdong.warehouse.model.DataGrid,long)
[ INFO ] [2018-05-25 22:27:04] org.springframework.web.servlet.mvc.method.annotation.RequestMappingHandlerMapping [547] - Mapped "{[/user/selectHospitalByUserId]}" onto public java.util.List<com.erdong.warehouse.pojo.Hospital> com.erdong.warehouse.controller.UserController.selectHospitalByUserId(com.erdong.warehouse.model.DataGrid,long)
[ INFO ] [2018-05-25 22:27:04] org.springframework.web.servlet.mvc.method.annotation.RequestMappingHandlerMapping [547] - Mapped "{[/user/listManagerByRole]}" onto public java.util.List<com.erdong.warehouse.pojo.ManagerDto> com.erdong.warehouse.controller.UserController.listManagerByRole()
[ INFO ] [2018-05-25 22:27:04] org.springframework.web.servlet.mvc.method.annotation.RequestMappingHandlerMapping [547] - Mapped "{[/user/login]}" onto public com.erdong.warehouse.pojo.User com.erdong.warehouse.controller.UserController.login(java.lang.String,java.lang.String)
[ INFO ] [2018-05-25 22:27:04] org.springframework.web.servlet.mvc.method.annotation.RequestMappingHandlerMapping [547] - Mapped "{[/user/selectByUserId]}" onto public java.util.List<com.erdong.warehouse.pojo.Quick> com.erdong.warehouse.controller.UserController.selectByUserId(com.erdong.warehouse.model.DataGrid,long)
[ INFO ] [2018-05-25 22:27:04] org.springframework.web.servlet.mvc.method.annotation.RequestMappingHandlerMapping [547] - Mapped "{[/user/sure/role]}" onto public java.lang.String com.erdong.warehouse.controller.UserController.sure()
[ INFO ] [2018-05-25 22:27:04] org.springframework.web.servlet.mvc.method.annotation.RequestMappingHandlerMapping [547] - Mapped "{[/user/userQuick]}" onto public java.lang.Integer com.erdong.warehouse.controller.UserController.userQuick(java.lang.String,long,java.lang.String)
[ INFO ] [2018-05-25 22:27:04] org.springframework.web.servlet.mvc.method.annotation.RequestMappingHandlerMapping [547] - Mapped "{[/user/updateUser]}" onto public java.lang.Integer com.erdong.warehouse.controller.UserController.updateUser(com.erdong.warehouse.pojo.User)
[ INFO ] [2018-05-25 22:27:04] org.springframework.web.servlet.mvc.method.annotation.RequestMappingHandlerMapping [547] - Mapped "{[/user/chcekAcount]}" onto public java.lang.Integer com.erdong.warehouse.controller.UserController.chcekAcount(java.lang.String)
[ INFO ] [2018-05-25 22:27:04] org.springframework.web.servlet.mvc.method.annotation.RequestMappingHandlerMapping [547] - Mapped "{[/user/selectSearch]}" onto public java.util.List<com.erdong.warehouse.pojo.Question> com.erdong.warehouse.controller.UserController.selectSearch(java.lang.String)
[ INFO ] [2018-05-25 22:27:04] org.springframework.web.servlet.mvc.method.annotation.RequestMappingHandlerMapping [547] - Mapped "{[/user/addPredic]}" onto public java.lang.Integer com.erdong.warehouse.controller.UserController.addPredic(com.erdong.warehouse.pojo.Predict,java.lang.String) throws java.text.ParseException
[ INFO ] [2018-05-25 22:27:04] org.springframework.web.servlet.mvc.method.annotation.RequestMappingHandlerMapping [547] - Mapped "{[/error]}" onto public org.springframework.http.ResponseEntity<java.util.Map<java.lang.String, java.lang.Object>> org.springframework.boot.autoconfigure.web.servlet.error.BasicErrorController.error(javax.servlet.http.HttpServletRequest)
[ INFO ] [2018-05-25 22:27:04] org.springframework.web.servlet.mvc.method.annotation.RequestMappingHandlerMapping [547] - Mapped "{[/error],produces=[text/html]}" onto public org.springframework.web.servlet.ModelAndView org.springframework.boot.autoconfigure.web.servlet.error.BasicErrorController.errorHtml(javax.servlet.http.HttpServletRequest,javax.servlet.http.HttpServletResponse)
[ INFO ] [2018-05-25 22:27:04] org.springframework.web.servlet.handler.SimpleUrlHandlerMapping [373] - Mapped URL path [/webjars/**] onto handler of type [class org.springframework.web.servlet.resource.ResourceHttpRequestHandler]
[ INFO ] [2018-05-25 22:27:04] org.springframework.web.servlet.handler.SimpleUrlHandlerMapping [373] - Mapped URL path [/**] onto handler of type [class org.springframework.web.servlet.resource.ResourceHttpRequestHandler]
[ INFO ] [2018-05-25 22:27:04] org.springframework.web.servlet.mvc.method.annotation.ExceptionHandlerExceptionResolver [288] - Detected @ExceptionHandler methods in globalExceptionHandler
[ WARN ] [2018-05-25 22:27:04] org.thymeleaf.templatemode.TemplateMode [150] - [THYMELEAF][main] Template Mode 'HTML5' is deprecated. Using Template Mode 'HTML' instead.
[ INFO ] [2018-05-25 22:27:04] org.springframework.boot.autoconfigure.web.servlet.WelcomePageHandlerMapping [61] - Adding welcome page template: index
[ INFO ] [2018-05-25 22:27:04] org.springframework.jmx.export.annotation.AnnotationMBeanExporter [433] - Registering beans for JMX exposure on startup
[ INFO ] [2018-05-25 22:27:04] org.springframework.jmx.export.annotation.AnnotationMBeanExporter [895] - Bean with name 'dataSource' has been autodetected for JMX exposure
[ INFO ] [2018-05-25 22:27:04] org.springframework.jmx.export.annotation.AnnotationMBeanExporter [668] - Located MBean 'dataSource': registering with JMX server as MBean [com.zaxxer.hikari:name=dataSource,type=HikariDataSource]
[ INFO ] [2018-05-25 22:27:04] org.apache.coyote.http11.Http11NioProtocol [180] - Starting ProtocolHandler ["http-nio-80"]
[ INFO ] [2018-05-25 22:27:04] org.apache.tomcat.util.net.NioSelectorPool [180] - Using a shared selector for servlet write/read
[ INFO ] [2018-05-25 22:27:04] org.springframework.boot.web.embedded.tomcat.TomcatWebServer [206] - Tomcat started on port(s): 80 (http) with context path ''
[ INFO ] [2018-05-25 22:27:04] com.erdong.warehouse.WarehouseApplication [59] - Started WarehouseApplication in 5.479 seconds (JVM running for 9.863)
[ DEBUG] [2018-05-25 22:27:32] com.zaxxer.hikari.pool.HikariPool [404] - HikariPool-1 - Pool stats (total=10, active=0, idle=10, waiting=0)
[ DEBUG] [2018-05-25 22:28:02] com.zaxxer.hikari.pool.HikariPool [404] - HikariPool-1 - Pool stats (total=10, active=0, idle=10, waiting=0)
[ INFO ] [2018-05-25 22:28:21] org.apache.catalina.core.ContainerBase.[Tomcat].[localhost].[/] [180] - Initializing Spring FrameworkServlet 'dispatcherServlet'
[ INFO ] [2018-05-25 22:28:21] org.springframework.web.servlet.DispatcherServlet [494] - FrameworkServlet 'dispatcherServlet': initialization started
[ INFO ] [2018-05-25 22:28:21] org.springframework.web.servlet.DispatcherServlet [509] - FrameworkServlet 'dispatcherServlet': initialization completed in 25 ms
[ DEBUG] [2018-05-25 22:28:21] com.erdong.warehouse.mapper.QuickMapper.selectByUserId [159] - ==>  Preparing: SELECT q.*, m.`name` FROM `quick` q LEFT JOIN t_sys_manager m ON m.id = q.doctor_id where q.user_id = ? order by create_time desc 
[ DEBUG] [2018-05-25 22:28:21] com.erdong.warehouse.mapper.QuickMapper.selectByUserId [159] - ==> Parameters: 1(Long)
[ DEBUG] [2018-05-25 22:28:21] com.erdong.warehouse.mapper.QuickMapper.selectByUserId [159] - <==      Total: 5
[ DEBUG] [2018-05-25 22:28:24] com.erdong.warehouse.mapper.QuickMapper.selectByUserId [159] - ==>  Preparing: SELECT q.*, m.`name` FROM `quick` q LEFT JOIN t_sys_manager m ON m.id = q.doctor_id where q.user_id = ? order by create_time desc 
[ DEBUG] [2018-05-25 22:28:24] com.erdong.warehouse.mapper.QuickMapper.selectByUserId [159] - ==> Parameters: 1(Long)
[ DEBUG] [2018-05-25 22:28:24] com.erdong.warehouse.mapper.QuickMapper.selectByUserId [159] - <==      Total: 5
[ DEBUG] [2018-05-25 22:28:28] com.erdong.warehouse.mapper.QuestionMapper.selectByPrimaryBySearch [159] - ==>  Preparing: select id, title, desription from question 
[ DEBUG] [2018-05-25 22:28:28] com.erdong.warehouse.mapper.QuestionMapper.selectByPrimaryBySearch [159] - ==> Parameters: 
[ DEBUG] [2018-05-25 22:28:28] com.erdong.warehouse.mapper.QuestionMapper.selectByPrimaryBySearch [159] - <==      Total: 2
[ DEBUG] [2018-05-25 22:28:32] com.zaxxer.hikari.pool.HikariPool [404] - HikariPool-1 - Pool stats (total=10, active=0, idle=10, waiting=0)
[ DEBUG] [2018-05-25 22:28:35] com.erdong.warehouse.mapper.QuestionMapper.selectByPrimaryBySearch [159] - ==>  Preparing: select id, title, desription from question where LOCATE(?,CONCAT(title,desription)) 
[ DEBUG] [2018-05-25 22:28:35] com.erdong.warehouse.mapper.QuestionMapper.selectByPrimaryBySearch [159] - ==> Parameters: 牙(String)
[ DEBUG] [2018-05-25 22:28:35] com.erdong.warehouse.mapper.QuestionMapper.selectByPrimaryBySearch [159] - <==      Total: 1
[ DEBUG] [2018-05-25 22:29:02] com.zaxxer.hikari.pool.HikariPool [404] - HikariPool-1 - Pool stats (total=10, active=0, idle=10, waiting=0)
[ DEBUG] [2018-05-25 22:29:10] com.erdong.warehouse.mapper.QuestionMapper.selectByPrimaryBySearch [159] - ==>  Preparing: select id, title, desription from question 
[ DEBUG] [2018-05-25 22:29:10] com.erdong.warehouse.mapper.QuestionMapper.selectByPrimaryBySearch [159] - ==> Parameters: 
[ DEBUG] [2018-05-25 22:29:10] com.erdong.warehouse.mapper.QuestionMapper.selectByPrimaryBySearch [159] - <==      Total: 2
[ DEBUG] [2018-05-25 22:29:21] com.erdong.warehouse.mapper.HospitalMapper.selectByUserId [159] - ==>  Preparing: SELECT q.*, m.`name` FROM hospital q LEFT JOIN t_sys_manager m ON m.id = q.doctor_id inner JOIN predict p on p.id=q.predict_id and p.user_id=? order by create_time desc 
[ DEBUG] [2018-05-25 22:29:21] com.erdong.warehouse.mapper.HospitalMapper.selectByUserId [159] - ==> Parameters: 1(Long)
[ DEBUG] [2018-05-25 22:29:21] com.erdong.warehouse.mapper.HospitalMapper.selectByUserId [159] - <==      Total: 3
[ DEBUG] [2018-05-25 22:29:22] com.erdong.warehouse.mapper.PredictMapper.selectByUserId [159] - ==>  Preparing: SELECT q.*, m.`name` FROM predict q LEFT JOIN t_sys_manager m ON m.id = q.doctor_id where q.user_id = ? order by create_time desc 
[ DEBUG] [2018-05-25 22:29:22] com.erdong.warehouse.mapper.PredictMapper.selectByUserId [159] - ==> Parameters: 1(Long)
[ DEBUG] [2018-05-25 22:29:22] com.erdong.warehouse.mapper.PredictMapper.selectByUserId [159] - <==      Total: 9
[ DEBUG] [2018-05-25 22:29:32] com.zaxxer.hikari.pool.HikariPool [404] - HikariPool-1 - Pool stats (total=10, active=0, idle=10, waiting=0)
[ DEBUG] [2018-05-25 22:30:02] com.zaxxer.hikari.pool.HikariPool [404] - HikariPool-1 - Pool stats (total=10, active=0, idle=10, waiting=0)
